<?xml version="1.0" encoding="UTF-8"?>
<!-- Generated by org.testng.reporters.JUnitReportReporter -->
<testsuite hostname="Ramanathans-MacBook-Air.local" failures="0" tests="4" name="runner.runTest" time="8.250" errors="0" timestamp="2023-10-07T12:07:10 IST" skipped="0">
  <testcase classname="runner.runTest" name="runScenario" time="5.372"/>
  <system-out/>
  <testcase classname="runner.runTest" name="runScenario" time="0.756"/>
  <system-out/>
  <testcase classname="runner.runTest" name="runScenario" time="1.119"/>
  <system-out/>
  <testcase classname="runner.runTest" name="runScenario" time="1.003"/>
  <system-out/>
</testsuite> <!-- runner.runTest -->
