<?xml version="1.0" encoding="UTF-8"?>
<!-- Generated by org.testng.reporters.JUnitReportReporter -->
<testsuite hostname="Ramanathans-MacBook-Air.local" failures="0" tests="4" name="runner.runTest" time="4.460" errors="0" timestamp="2023-10-07T12:21:12 IST" skipped="0">
  <testcase classname="runner.runTest" name="runScenario" time="0.666"/>
  <system-out/>
  <testcase classname="runner.runTest" name="runScenario" time="0.991"/>
  <system-out/>
  <testcase classname="runner.runTest" name="runScenario" time="0.649"/>
  <system-out/>
  <testcase classname="runner.runTest" name="runScenario" time="2.154"/>
  <system-out/>
</testsuite> <!-- runner.runTest -->
